2025-07-28 15:52:55,710 CRIT Supervisor is running as root.  Privileges were not dropped because no user is specified in the config file.  If you intend to run as root, you can set user=root in the config file to avoid this message.
2025-07-28 15:52:55,718 INFO supervisord started with pid 1
2025-07-28 15:52:56,722 INFO spawned: 'nginx' with pid 7
2025-07-28 15:52:56,732 INFO spawned: 'php-fpm' with pid 8
2025-07-28 15:52:57,856 INFO success: nginx entered RUNNING state, process has stayed up for > than 1 seconds (startsecs)
2025-07-28 15:52:57,856 INFO success: php-fpm entered RUNNING state, process has stayed up for > than 1 seconds (startsecs)
2025-07-28 15:56:42,092 WARN received SIGQUIT indicating exit request
2025-07-28 15:56:42,092 INFO waiting for nginx, php-fpm to die
2025-07-28 15:56:42,101 INFO stopped: php-fpm (exit status 0)
2025-07-28 15:56:42,104 INFO stopped: nginx (exit status 0)
2025-07-28 15:56:53,842 CRIT Supervisor is running as root.  Privileges were not dropped because no user is specified in the config file.  If you intend to run as root, you can set user=root in the config file to avoid this message.
2025-07-28 15:56:53,851 INFO supervisord started with pid 1
2025-07-28 15:56:54,856 INFO spawned: 'nginx' with pid 7
2025-07-28 15:56:54,860 INFO spawned: 'php-fpm' with pid 8
2025-07-28 15:56:55,927 INFO success: nginx entered RUNNING state, process has stayed up for > than 1 seconds (startsecs)
2025-07-28 15:56:55,927 INFO success: php-fpm entered RUNNING state, process has stayed up for > than 1 seconds (startsecs)
2025-07-28 16:05:12,823 WARN received SIGQUIT indicating exit request
2025-07-28 16:05:12,824 INFO waiting for nginx, php-fpm to die
2025-07-28 16:05:12,831 INFO stopped: php-fpm (exit status 0)
2025-07-28 16:05:12,834 INFO stopped: nginx (exit status 0)
2025-07-28 16:05:27,868 CRIT Supervisor is running as root.  Privileges were not dropped because no user is specified in the config file.  If you intend to run as root, you can set user=root in the config file to avoid this message.
2025-07-28 16:05:27,871 INFO supervisord started with pid 1
2025-07-28 16:05:28,875 INFO spawned: 'nginx' with pid 7
2025-07-28 16:05:28,878 INFO spawned: 'php-fpm' with pid 8
2025-07-28 16:05:29,926 INFO success: nginx entered RUNNING state, process has stayed up for > than 1 seconds (startsecs)
2025-07-28 16:05:29,926 INFO success: php-fpm entered RUNNING state, process has stayed up for > than 1 seconds (startsecs)
2025-07-28 16:16:25,625 WARN received SIGQUIT indicating exit request
2025-07-28 16:16:25,625 INFO waiting for nginx, php-fpm to die
2025-07-28 16:16:25,632 INFO stopped: php-fpm (exit status 0)
2025-07-28 16:16:25,635 INFO stopped: nginx (exit status 0)
2025-07-28 16:16:48,607 CRIT Supervisor is running as root.  Privileges were not dropped because no user is specified in the config file.  If you intend to run as root, you can set user=root in the config file to avoid this message.
2025-07-28 16:16:48,614 INFO supervisord started with pid 1
2025-07-28 16:16:49,618 INFO spawned: 'nginx' with pid 7
2025-07-28 16:16:49,621 INFO spawned: 'php-fpm' with pid 8
2025-07-28 16:16:50,685 INFO success: nginx entered RUNNING state, process has stayed up for > than 1 seconds (startsecs)
2025-07-28 16:16:50,685 INFO success: php-fpm entered RUNNING state, process has stayed up for > than 1 seconds (startsecs)
